<?xml version="1.0" encoding="UTF-8"?>
<!-- Generated by org.testng.reporters.JUnitXMLReporter -->
<testsuite hostname="Sanath-Compaq" ignored="0" name="freeCRMTestAutomation" tests="3" failures="0" timestamp="20 May 2018 10:08:51 GMT" time="64.069" errors="0">
  <testcase name="logingPageTitleTest" time="0.071" classname="com.crm.qa.testcases.LogingPageTest"/>
  <testcase name="crmLogoImgageTest" time="0.201" classname="com.crm.qa.testcases.LogingPageTest"/>
  <testcase name="loginTest" time="14.288" classname="com.crm.qa.testcases.LogingPageTest"/>
</testsuite> <!-- freeCRMTestAutomation -->
